<?xml version="1.0" encoding="UTF-8"?>
<!-- Generated by org.testng.reporters.JUnitReportReporter -->
<testsuite skipped="0" hostname="US28981" name="test.LoginTest" tests="1" failures="0" timestamp="2022-06-16T13:11:18 CDT" time="5.094" errors="0">
  <testcase name="validUserShouldBeAbleToLogin" time="5.094" classname="test.LoginTest"/>
  <system-out/>
</testsuite> <!-- test.LoginTest -->
