<?xml version="1.0" encoding="UTF-8"?>
<!-- Generated by org.testng.reporters.JUnitReportReporter -->
<testsuite skipped="0" hostname="US28981" name="test.AddContactTest" tests="1" failures="0" timestamp="2022-06-20T13:41:57 CDT" time="14.682" errors="0">
  <testcase name="userShouldBeAbleToAddCustomer" time="14.682" classname="test.AddContactTest"/>
  <system-out/>
</testsuite> <!-- test.AddContactTest -->
